0 info it worked if it ends with ok
1 verbose cli [ 'node',
1 verbose cli   '/usr/local/bin/npm',
1 verbose cli   'install',
1 verbose cli   '-g',
1 verbose cli   'generator-wordpress' ]
2 info using npm@2.9.1
3 info using node@v0.12.3
4 verbose install initial load of /usr/local/lib/package.json
5 verbose readDependencies loading dependencies from /usr/local/lib/package.json
6 silly cache add args [ 'generator-wordpress', null ]
7 verbose cache add spec generator-wordpress
8 silly cache add parsed spec { raw: 'generator-wordpress',
8 silly cache add   scope: null,
8 silly cache add   name: 'generator-wordpress',
8 silly cache add   rawSpec: '',
8 silly cache add   spec: '*',
8 silly cache add   type: 'range' }
9 silly addNamed generator-wordpress@*
10 verbose addNamed "*" is a valid semver range for generator-wordpress
11 silly addNameRange { name: 'generator-wordpress', range: '*', hasData: false }
12 silly mapToRegistry name generator-wordpress
13 silly mapToRegistry using default registry
14 silly mapToRegistry registry https://registry.npmjs.org/
15 silly mapToRegistry uri https://registry.npmjs.org/generator-wordpress
16 verbose addNameRange registry:https://registry.npmjs.org/generator-wordpress not in flight; fetching
17 verbose request uri https://registry.npmjs.org/generator-wordpress
18 verbose request no auth needed
19 info attempt registry request try #1 at 11:06:35 AM
20 verbose request id 2ade1d4443c7e2c3
21 verbose etag "3379JGDF16ILRNDXHW7RVQBT5"
22 http request GET https://registry.npmjs.org/generator-wordpress
23 http 304 https://registry.npmjs.org/generator-wordpress
24 silly get cb [ 304,
24 silly get   { date: 'Thu, 23 Jul 2015 01:06:36 GMT',
24 silly get     via: '1.1 varnish',
24 silly get     'cache-control': 'max-age=60',
24 silly get     etag: '"3379JGDF16ILRNDXHW7RVQBT5"',
24 silly get     age: '0',
24 silly get     connection: 'keep-alive',
24 silly get     'x-served-by': 'cache-syd1626-SYD',
24 silly get     'x-cache': 'HIT',
24 silly get     'x-cache-hits': '1',
24 silly get     'x-timer': 'S1437613596.163473,VS0,VE934',
24 silly get     vary: 'Accept' } ]
25 verbose etag https://registry.npmjs.org/generator-wordpress from cache
26 verbose get saving generator-wordpress to /Users/surge/.npm/registry.npmjs.org/generator-wordpress/.cache.json
27 silly addNameRange number 2 { name: 'generator-wordpress', range: '*', hasData: true }
28 silly addNameRange versions [ 'generator-wordpress',
28 silly addNameRange   [ '0.1.0',
28 silly addNameRange     '0.1.1',
28 silly addNameRange     '0.1.2',
28 silly addNameRange     '0.2.0',
28 silly addNameRange     '0.2.1',
28 silly addNameRange     '0.2.2',
28 silly addNameRange     '0.2.3',
28 silly addNameRange     '0.2.4',
28 silly addNameRange     '0.2.5',
28 silly addNameRange     '0.2.6',
28 silly addNameRange     '0.2.7',
28 silly addNameRange     '1.0.0',
28 silly addNameRange     '1.0.1',
28 silly addNameRange     '1.0.2',
28 silly addNameRange     '1.0.3',
28 silly addNameRange     '1.0.4',
28 silly addNameRange     '1.0.5',
28 silly addNameRange     '1.0.6',
28 silly addNameRange     '1.1.0',
28 silly addNameRange     '1.1.1',
28 silly addNameRange     '1.1.2',
28 silly addNameRange     '1.1.3',
28 silly addNameRange     '1.2.0',
28 silly addNameRange     '1.2.1',
28 silly addNameRange     '1.2.2',
28 silly addNameRange     '1.3.0',
28 silly addNameRange     '1.3.1',
28 silly addNameRange     '1.3.2',
28 silly addNameRange     '1.3.3',
28 silly addNameRange     '1.3.4',
28 silly addNameRange     '1.3.5',
28 silly addNameRange     '1.4.0',
28 silly addNameRange     '1.4.1',
28 silly addNameRange     '1.4.2',
28 silly addNameRange     '1.4.3',
28 silly addNameRange     '1.4.4',
28 silly addNameRange     '1.5.0',
28 silly addNameRange     '2.0.0',
28 silly addNameRange     '2.0.1' ] ]
29 silly addNamed generator-wordpress@2.0.1
30 verbose addNamed "2.0.1" is a plain semver version for generator-wordpress
31 silly cache afterAdd generator-wordpress@2.0.1
32 verbose afterAdd /Users/surge/.npm/generator-wordpress/2.0.1/package/package.json not in flight; writing
33 verbose afterAdd /Users/surge/.npm/generator-wordpress/2.0.1/package/package.json written
34 silly install resolved [ { name: 'generator-wordpress',
34 silly install resolved     version: '2.0.1',
34 silly install resolved     description: 'A Yeoman generator for WordPress',
34 silly install resolved     keywords: [ 'yeoman-generator', 'wordpress', 'yeoman', 'generator', 'cli' ],
34 silly install resolved     main: 'app/index.js',
34 silly install resolved     author: { name: 'Wes Todd' },
34 silly install resolved     license: 'BSD',
34 silly install resolved     dependencies:
34 silly install resolved      { chalk: '^0.2.1',
34 silly install resolved        mkdirp: '^0.3.5',
34 silly install resolved        mysql: '^2.0.1',
34 silly install resolved        'simple-git': '^0.14.0',
34 silly install resolved        wrench: '^1.4.4',
34 silly install resolved        'yeoman-generator': '^0.19.2',
34 silly install resolved        'wp-util': '^0.1.6' },
34 silly install resolved     repository: { type: 'git', url: 'git://github.com/wesleytodd/YeoPress.git' },
34 silly install resolved     devDependencies:
34 silly install resolved      { grunt: '~0.4.1',
34 silly install resolved        mocha: '~1.13.0',
34 silly install resolved        istanbul: '~0.1.44',
34 silly install resolved        'grunt-contrib-clean': '~0.5.0',
34 silly install resolved        'grunt-contrib-connect': '~0.5.0',
34 silly install resolved        'grunt-simple-mocha': '~0.4.0' },
34 silly install resolved     scripts: { test: 'node_modules/istanbul/lib/cli.js test node_modules/mocha/bin/_mocha --dir test/coverage' },
34 silly install resolved     gitHead: 'f01fbf7b55eaf0da82bb2072ea975f698b475f52',
34 silly install resolved     bugs: { url: 'https://github.com/wesleytodd/YeoPress/issues' },
34 silly install resolved     homepage: 'https://github.com/wesleytodd/YeoPress',
34 silly install resolved     _id: 'generator-wordpress@2.0.1',
34 silly install resolved     _shasum: '1c22753844b22ffbc1983b730dc344971af0350f',
34 silly install resolved     _from: 'generator-wordpress@*',
34 silly install resolved     _npmVersion: '2.1.4',
34 silly install resolved     _nodeVersion: '0.10.29',
34 silly install resolved     _npmUser: { name: 'wesleytodd', email: 'wes@wesleytodd.com' },
34 silly install resolved     maintainers: [ [Object] ],
34 silly install resolved     dist:
34 silly install resolved      { shasum: '1c22753844b22ffbc1983b730dc344971af0350f',
34 silly install resolved        tarball: 'http://registry.npmjs.org/generator-wordpress/-/generator-wordpress-2.0.1.tgz' },
34 silly install resolved     directories: {},
34 silly install resolved     _resolved: 'https://registry.npmjs.org/generator-wordpress/-/generator-wordpress-2.0.1.tgz',
34 silly install resolved     readme: 'ERROR: No README data found!' } ]
35 info install generator-wordpress@2.0.1 into /usr/local/lib
36 info installOne generator-wordpress@2.0.1
37 verbose installOne of generator-wordpress to /usr/local/lib not in flight; installing
38 verbose lock using /Users/surge/.npm/_locks/generator-wordpress-4e614d5662c34e36.lock for /usr/local/lib/node_modules/generator-wordpress
39 silly install write writing generator-wordpress 2.0.1 to /usr/local/lib/node_modules/generator-wordpress
40 verbose unbuild lib/node_modules/generator-wordpress
41 silly gentlyRm /usr/local/lib/node_modules/generator-wordpress is being purged from base /usr/local
42 verbose gentlyRm don't care about contents; nuking /usr/local/lib/node_modules/generator-wordpress
43 silly vacuum-fs purging /usr/local/lib/node_modules/generator-wordpress
44 verbose unlock done using /Users/surge/.npm/_locks/generator-wordpress-4e614d5662c34e36.lock for /usr/local/lib/node_modules/generator-wordpress
45 verbose stack Error: EACCES, unlink '/usr/local/lib/node_modules/generator-wordpress'
45 verbose stack     at Error (native)
46 verbose cwd /Users/surge/Documents/MAMP/Basetheme
47 error Darwin 14.3.0
48 error argv "node" "/usr/local/bin/npm" "install" "-g" "generator-wordpress"
49 error node v0.12.3
50 error npm  v2.9.1
51 error path /usr/local/lib/node_modules/generator-wordpress
52 error code EACCES
53 error errno -13
54 error Error: EACCES, unlink '/usr/local/lib/node_modules/generator-wordpress'
54 error     at Error (native)
54 error  { [Error: EACCES, unlink '/usr/local/lib/node_modules/generator-wordpress']
54 error   errno: -13,
54 error   code: 'EACCES',
54 error   path: '/usr/local/lib/node_modules/generator-wordpress' }
55 error Please try running this command again as root/Administrator.
56 verbose exit [ -13, true ]
57 verbose unbuild lib/node_modules/generator-wordpress
58 silly gentlyRm /usr/local/lib/node_modules/generator-wordpress is being purged from base /usr/local
59 verbose gentlyRm don't care about contents; nuking /usr/local/lib/node_modules/generator-wordpress
60 silly vacuum-fs purging /usr/local/lib/node_modules/generator-wordpress
61 error error rolling back Error: EACCES, unlink '/usr/local/lib/node_modules/generator-wordpress'
61 error error rolling back     at Error (native)
61 error error rolling back  { [Error: EACCES, unlink '/usr/local/lib/node_modules/generator-wordpress']
61 error error rolling back   errno: -13,
61 error error rolling back   code: 'EACCES',
61 error error rolling back   path: '/usr/local/lib/node_modules/generator-wordpress' }
